This file contains any messages produced by compilers while
running configure, to aid debugging if configure makes a mistake.

It was created by Iperf configure 2.0.4, which was
generated by GNU Autoconf 2.60.  Invocation command line was

  $ ./configure 

## --------- ##
## Platform. ##
## --------- ##

hostname = andy
uname -m = i686
uname -r = 2.6.27-7-server
uname -s = Linux
uname -v = #1 SMP Fri Oct 24 07:37:55 UTC 2008

/usr/bin/uname -p = unknown
/bin/uname -X     = unknown

/bin/arch              = unknown
/usr/bin/arch -k       = unknown
/usr/convex/getsysinfo = unknown
/usr/bin/hostinfo      = unknown
/bin/machine           = unknown
/usr/bin/oslevel       = unknown
/bin/universe          = unknown

PATH: /home/builder/bin
PATH: /home/builder/bin
PATH: /home/builder/bin
PATH: /home/builder/bin
PATH: /home/builder/bin
PATH: /usr/local/sbin
PATH: /usr/local/bin
PATH: /usr/sbin
PATH: /usr/bin
PATH: /sbin
PATH: /bin
PATH: /usr/games
PATH: /opt/p4v-2008.2.179173/bin
PATH: /usr/local/prevent-linux-4.3.0/bin
PATH: .
PATH: /home/builder/android-sdk-linux_x86-1.0_r1/tools/
PATH: /home/builder/PUBLIC/p4v-2008.2.179173/bin
PATH: /opt/p4v-2008.2.179173/bin
PATH: /usr/local/prevent-linux-4.3.0/bin
PATH: .
PATH: /home/builder/android-sdk-linux_x86-1.0_r1/tools/
PATH: /home/builder/PUBLIC/p4v-2008.2.179173/bin
PATH: .
PATH: /home/builder/android-sdk-linux_x86-1.0_r1/tools/
PATH: /home/builder/PUBLIC/p4v-2008.2.179173/bin


## ----------- ##
## Core tests. ##
## ----------- ##

configure:1791: checking for a BSD-compatible install
configure:1847: result: /usr/bin/install -c
configure:1858: checking whether build environment is sane
configure:1901: result: yes
configure:1966: checking for gawk
configure:1982: found /usr/bin/gawk
configure:1993: result: gawk
configure:2004: checking whether make sets $(MAKE)
configure:2025: result: yes
configure:2303: checking for g++
configure:2319: found /usr/bin/g++
configure:2330: result: g++
configure:2361: checking for C++ compiler version
configure:2368: g++ --version >&5
g++ (Ubuntu 4.3.2-1ubuntu11) 4.3.2
Copyright (C) 2008 Free Software Foundation, Inc.
This is free software; see the source for copying conditions.  There is NO
warranty; not even for MERCHANTABILITY or FITNESS FOR A PARTICULAR PURPOSE.

configure:2371: $? = 0
configure:2378: g++ -v >&5
Using built-in specs.
Target: i486-linux-gnu
Configured with: ../src/configure -v --with-pkgversion='Ubuntu 4.3.2-1ubuntu11' --with-bugurl=file:///usr/share/doc/gcc-4.3/README.Bugs --enable-languages=c,c++,fortran,objc,obj-c++ --prefix=/usr --enable-shared --with-system-zlib --libexecdir=/usr/lib --without-included-gettext --enable-threads=posix --enable-nls --with-gxx-include-dir=/usr/include/c++/4.3 --program-suffix=-4.3 --enable-clocale=gnu --enable-libstdcxx-debug --enable-objc-gc --enable-mpfr --enable-targets=all --enable-checking=release --build=i486-linux-gnu --host=i486-linux-gnu --target=i486-linux-gnu
Thread model: posix
gcc version 4.3.2 (Ubuntu 4.3.2-1ubuntu11) 
configure:2381: $? = 0
configure:2388: g++ -V >&5
g++: '-V' option must have argument
configure:2391: $? = 1
configure:2414: checking for C++ compiler default output file name
configure:2441: g++    conftest.cpp  >&5
configure:2444: $? = 0
configure:2490: result: a.out
configure:2495: checking whether the C++ compiler works
configure:2505: ./a.out
configure:2508: $? = 0
configure:2525: result: yes
configure:2532: checking whether we are cross compiling
configure:2534: result: no
configure:2537: checking for suffix of executables
configure:2544: g++ -o conftest    conftest.cpp  >&5
configure:2547: $? = 0
configure:2571: result: 
configure:2577: checking for suffix of object files
configure:2603: g++ -c   conftest.cpp >&5
configure:2606: $? = 0
configure:2629: result: o
configure:2633: checking whether we are using the GNU C++ compiler
configure:2662: g++ -c   conftest.cpp >&5
configure:2668: $? = 0
configure:2675: test -z "$ac_cxx_werror_flag" || test ! -s conftest.err
configure:2678: $? = 0
configure:2685: test -s conftest.o
configure:2688: $? = 0
configure:2702: result: yes
configure:2707: checking whether g++ accepts -g
configure:2737: g++ -c -g  conftest.cpp >&5
configure:2743: $? = 0
configure:2750: test -z "$ac_cxx_werror_flag" || test ! -s conftest.err
configure:2753: $? = 0
configure:2760: test -s conftest.o
configure:2763: $? = 0
configure:2893: result: yes
configure:2927: checking for style of include used by make
configure:2955: result: GNU
configure:2983: checking dependency style of g++
configure:3073: result: gcc3
configure:3139: checking for gcc
configure:3155: found /usr/bin/gcc
configure:3166: result: gcc
configure:3404: checking for C compiler version
configure:3411: gcc --version >&5
gcc (Ubuntu 4.3.2-1ubuntu11) 4.3.2
Copyright (C) 2008 Free Software Foundation, Inc.
This is free software; see the source for copying conditions.  There is NO
warranty; not even for MERCHANTABILITY or FITNESS FOR A PARTICULAR PURPOSE.

configure:3414: $? = 0
configure:3421: gcc -v >&5
Using built-in specs.
Target: i486-linux-gnu
Configured with: ../src/configure -v --with-pkgversion='Ubuntu 4.3.2-1ubuntu11' --with-bugurl=file:///usr/share/doc/gcc-4.3/README.Bugs --enable-languages=c,c++,fortran,objc,obj-c++ --prefix=/usr --enable-shared --with-system-zlib --libexecdir=/usr/lib --without-included-gettext --enable-threads=posix --enable-nls --with-gxx-include-dir=/usr/include/c++/4.3 --program-suffix=-4.3 --enable-clocale=gnu --enable-libstdcxx-debug --enable-objc-gc --enable-mpfr --enable-targets=all --enable-checking=release --build=i486-linux-gnu --host=i486-linux-gnu --target=i486-linux-gnu
Thread model: posix
gcc version 4.3.2 (Ubuntu 4.3.2-1ubuntu11) 
configure:3424: $? = 0
configure:3431: gcc -V >&5
gcc: '-V' option must have argument
configure:3434: $? = 1
configure:3437: checking whether we are using the GNU C compiler
configure:3466: gcc -c   conftest.c >&5
configure:3472: $? = 0
configure:3479: test -z "$ac_c_werror_flag" || test ! -s conftest.err
configure:3482: $? = 0
configure:3489: test -s conftest.o
configure:3492: $? = 0
configure:3506: result: yes
configure:3511: checking whether gcc accepts -g
configure:3541: gcc -c -g  conftest.c >&5
configure:3547: $? = 0
configure:3554: test -z "$ac_c_werror_flag" || test ! -s conftest.err
configure:3557: $? = 0
configure:3564: test -s conftest.o
configure:3567: $? = 0
configure:3697: result: yes
configure:3714: checking for gcc option to accept ISO C89
configure:3788: gcc  -c -g -O2  conftest.c >&5
configure:3794: $? = 0
configure:3801: test -z "$ac_c_werror_flag" || test ! -s conftest.err
configure:3804: $? = 0
configure:3811: test -s conftest.o
configure:3814: $? = 0
configure:3834: result: none needed
configure:3854: checking dependency style of gcc
configure:3944: result: gcc3
configure:3964: checking for strerror in -lcposix
configure:3999: gcc -o conftest  -O2    conftest.c -lcposix   >&5
/usr/bin/ld: cannot find -lcposix
collect2: ld returned 1 exit status
configure:4005: $? = 1
configure: failed program was:
| /* confdefs.h.  */
| #define PACKAGE_NAME "Iperf"
| #define PACKAGE_TARNAME "iperf"
| #define PACKAGE_VERSION "2.0.4"
| #define PACKAGE_STRING "Iperf 2.0.4"
| #define PACKAGE_BUGREPORT ""
| #define PACKAGE "iperf"
| #define VERSION "2.0.4"
| /* end confdefs.h.  */
| 
| /* Override any GCC internal prototype to avoid an error.
|    Use char because int might match the return type of a GCC
|    builtin and then its argument prototype would still apply.  */
| #ifdef __cplusplus
| extern "C"
| #endif
| char strerror ();
| int
| main ()
| {
| return strerror ();
|   ;
|   return 0;
| }
configure:4039: result: no
configure:4060: checking for a BSD-compatible install
configure:4116: result: /usr/bin/install -c
configure:4127: checking whether make sets $(MAKE)
configure:4148: result: yes
configure:4200: checking for ranlib
configure:4216: found /usr/bin/ranlib
configure:4227: result: ranlib
configure:4265: checking build system type
configure:4283: result: i686-pc-linux-gnu
configure:4305: checking host system type
configure:4320: result: i686-pc-linux-gnu
configure:4553: checking for the pthreads library -lpthreads
configure:4596: gcc -o conftest  -O2     conftest.c -lpthreads  >&5
/usr/bin/ld: cannot find -lpthreads
collect2: ld returned 1 exit status
configure:4602: $? = 1
configure: failed program was:
| /* confdefs.h.  */
| #define PACKAGE_NAME "Iperf"
| #define PACKAGE_TARNAME "iperf"
| #define PACKAGE_VERSION "2.0.4"
| #define PACKAGE_STRING "Iperf 2.0.4"
| #define PACKAGE_BUGREPORT ""
| #define PACKAGE "iperf"
| #define VERSION "2.0.4"
| /* end confdefs.h.  */
| #include <pthread.h>
| int
| main ()
| {
| pthread_t th; pthread_join(th, 0);
|                      pthread_attr_init(0); pthread_cleanup_push(0, 0);
|                      pthread_create(0,0,0,0); pthread_cleanup_pop(0);
|   ;
|   return 0;
| }
configure:4638: result: no
configure:4498: checking whether pthreads work without any flags
configure:4596: gcc -o conftest  -O2     conftest.c   >&5
/tmp/cceeenNa.o: In function `main':
conftest.c:(.text+0x22): undefined reference to `pthread_join'
conftest.c:(.text+0x4f): undefined reference to `__pthread_register_cancel'
conftest.c:(.text+0x73): undefined reference to `pthread_create'
conftest.c:(.text+0x7a): undefined reference to `__pthread_unregister_cancel'
collect2: ld returned 1 exit status
configure:4602: $? = 1
configure: failed program was:
| /* confdefs.h.  */
| #define PACKAGE_NAME "Iperf"
| #define PACKAGE_TARNAME "iperf"
| #define PACKAGE_VERSION "2.0.4"
| #define PACKAGE_STRING "Iperf 2.0.4"
| #define PACKAGE_BUGREPORT ""
| #define PACKAGE "iperf"
| #define VERSION "2.0.4"
| /* end confdefs.h.  */
| #include <pthread.h>
| int
| main ()
| {
| pthread_t th; pthread_join(th, 0);
|                      pthread_attr_init(0); pthread_cleanup_push(0, 0);
|                      pthread_create(0,0,0,0); pthread_cleanup_pop(0);
|   ;
|   return 0;
| }
configure:4638: result: no
configure:4503: checking whether pthreads work with -Kthread
configure:4596: gcc -o conftest  -O2  -Kthread   conftest.c   >&5
gcc: unrecognized option '-Kthread'
/tmp/ccwoBCZg.o: In function `main':
conftest.c:(.text+0x22): undefined reference to `pthread_join'
conftest.c:(.text+0x4f): undefined reference to `__pthread_register_cancel'
conftest.c:(.text+0x73): undefined reference to `pthread_create'
conftest.c:(.text+0x7a): undefined reference to `__pthread_unregister_cancel'
collect2: ld returned 1 exit status
configure:4602: $? = 1
configure: failed program was:
| /* confdefs.h.  */
| #define PACKAGE_NAME "Iperf"
| #define PACKAGE_TARNAME "iperf"
| #define PACKAGE_VERSION "2.0.4"
| #define PACKAGE_STRING "Iperf 2.0.4"
| #define PACKAGE_BUGREPORT ""
| #define PACKAGE "iperf"
| #define VERSION "2.0.4"
| /* end confdefs.h.  */
| #include <pthread.h>
| int
| main ()
| {
| pthread_t th; pthread_join(th, 0);
|                      pthread_attr_init(0); pthread_cleanup_push(0, 0);
|                      pthread_create(0,0,0,0); pthread_cleanup_pop(0);
|   ;
|   return 0;
| }
configure:4638: result: no
configure:4503: checking whether pthreads work with -kthread
configure:4596: gcc -o conftest  -O2  -kthread   conftest.c   >&5
gcc: unrecognized option '-kthread'
/tmp/cceOvLrn.o: In function `main':
conftest.c:(.text+0x22): undefined reference to `pthread_join'
conftest.c:(.text+0x4f): undefined reference to `__pthread_register_cancel'
conftest.c:(.text+0x73): undefined reference to `pthread_create'
conftest.c:(.text+0x7a): undefined reference to `__pthread_unregister_cancel'
collect2: ld returned 1 exit status
configure:4602: $? = 1
configure: failed program was:
| /* confdefs.h.  */
| #define PACKAGE_NAME "Iperf"
| #define PACKAGE_TARNAME "iperf"
| #define PACKAGE_VERSION "2.0.4"
| #define PACKAGE_STRING "Iperf 2.0.4"
| #define PACKAGE_BUGREPORT ""
| #define PACKAGE "iperf"
| #define VERSION "2.0.4"
| /* end confdefs.h.  */
| #include <pthread.h>
| int
| main ()
| {
| pthread_t th; pthread_join(th, 0);
|                      pthread_attr_init(0); pthread_cleanup_push(0, 0);
|                      pthread_create(0,0,0,0); pthread_cleanup_pop(0);
|   ;
|   return 0;
| }
configure:4638: result: no
configure:4553: checking for the pthreads library -llthread
configure:4596: gcc -o conftest  -O2     conftest.c -llthread  >&5
/usr/bin/ld: cannot find -llthread
collect2: ld returned 1 exit status
configure:4602: $? = 1
configure: failed program was:
| /* confdefs.h.  */
| #define PACKAGE_NAME "Iperf"
| #define PACKAGE_TARNAME "iperf"
| #define PACKAGE_VERSION "2.0.4"
| #define PACKAGE_STRING "Iperf 2.0.4"
| #define PACKAGE_BUGREPORT ""
| #define PACKAGE "iperf"
| #define VERSION "2.0.4"
| /* end confdefs.h.  */
| #include <pthread.h>
| int
| main ()
| {
| pthread_t th; pthread_join(th, 0);
|                      pthread_attr_init(0); pthread_cleanup_push(0, 0);
|                      pthread_create(0,0,0,0); pthread_cleanup_pop(0);
|   ;
|   return 0;
| }
configure:4638: result: no
configure:4503: checking whether pthreads work with -pthread
configure:4596: gcc -o conftest  -O2  -pthread   conftest.c   >&5
configure:4602: $? = 0
configure:4609: test -z "$ac_c_werror_flag" || test ! -s conftest.err
configure:4612: $? = 0
configure:4619: test -s conftest
configure:4622: $? = 0
configure:4638: result: yes
configure:4658: checking for joinable pthread attribute
configure:4681: gcc -o conftest  -O2  -pthread   conftest.c   >&5
configure:4687: $? = 0
configure:4694: test -z "$ac_c_werror_flag" || test ! -s conftest.err
configure:4697: $? = 0
configure:4704: test -s conftest
configure:4707: $? = 0
configure:4787: result: PTHREAD_CREATE_JOINABLE
configure:4794: checking if more special flags are required for pthreads
configure:4801: result: no
configure:4813: checking for cc_r
configure:4841: result: gcc
configure:4888: checking for gethostbyname
configure:4944: gcc -o conftest  -O2    conftest.c  >&5
configure:4950: $? = 0
configure:4957: test -z "$ac_c_werror_flag" || test ! -s conftest.err
configure:4960: $? = 0
configure:4967: test -s conftest
configure:4970: $? = 0
configure:4983: result: yes
configure:5077: checking for socket
configure:5133: gcc -o conftest  -O2    conftest.c  >&5
configure:5139: $? = 0
configure:5146: test -z "$ac_c_werror_flag" || test ! -s conftest.err
configure:5149: $? = 0
configure:5156: test -s conftest
configure:5159: $? = 0
configure:5172: result: yes
configure:5272: checking how to run the C preprocessor
configure:5312: gcc -E  conftest.c
configure:5318: $? = 0
configure:5356: gcc -E  conftest.c
conftest.c:13:28: error: ac_nonexistent.h: No such file or directory
configure:5362: $? = 1
configure: failed program was:
| /* confdefs.h.  */
| #define PACKAGE_NAME "Iperf"
| #define PACKAGE_TARNAME "iperf"
| #define PACKAGE_VERSION "2.0.4"
| #define PACKAGE_STRING "Iperf 2.0.4"
| #define PACKAGE_BUGREPORT ""
| #define PACKAGE "iperf"
| #define VERSION "2.0.4"
| #define HAVE_PTHREAD 1
| #define HAVE_POSIX_THREAD 1
| #define _REENTRANT 1
| /* end confdefs.h.  */
| #include <ac_nonexistent.h>
configure:5402: result: gcc -E
configure:5431: gcc -E  conftest.c
configure:5437: $? = 0
configure:5475: gcc -E  conftest.c
conftest.c:13:28: error: ac_nonexistent.h: No such file or directory
configure:5481: $? = 1
configure: failed program was:
| /* confdefs.h.  */
| #define PACKAGE_NAME "Iperf"
| #define PACKAGE_TARNAME "iperf"
| #define PACKAGE_VERSION "2.0.4"
| #define PACKAGE_STRING "Iperf 2.0.4"
| #define PACKAGE_BUGREPORT ""
| #define PACKAGE "iperf"
| #define VERSION "2.0.4"
| #define HAVE_PTHREAD 1
| #define HAVE_POSIX_THREAD 1
| #define _REENTRANT 1
| /* end confdefs.h.  */
| #include <ac_nonexistent.h>
configure:5526: checking for grep that handles long lines and -e
configure:5600: result: /bin/grep
configure:5605: checking for egrep
configure:5683: result: /bin/grep -E
configure:5688: checking for ANSI C header files
configure:5718: gcc -c  -O2   conftest.c >&5
configure:5724: $? = 0
configure:5731: test -z "$ac_c_werror_flag" || test ! -s conftest.err
configure:5734: $? = 0
configure:5741: test -s conftest.o
configure:5744: $? = 0
configure:5840: gcc -o conftest  -O2    conftest.c  >&5
configure:5843: $? = 0
configure:5849: ./conftest
configure:5852: $? = 0
configure:5869: result: yes
configure:5893: checking for sys/types.h
configure:5914: gcc -c  -O2   conftest.c >&5
configure:5920: $? = 0
configure:5927: test -z "$ac_c_werror_flag" || test ! -s conftest.err
configure:5930: $? = 0
configure:5937: test -s conftest.o
configure:5940: $? = 0
configure:5953: result: yes
configure:5893: checking for sys/stat.h
configure:5914: gcc -c  -O2   conftest.c >&5
configure:5920: $? = 0
configure:5927: test -z "$ac_c_werror_flag" || test ! -s conftest.err
configure:5930: $? = 0
configure:5937: test -s conftest.o
configure:5940: $? = 0
configure:5953: result: yes
configure:5893: checking for stdlib.h
configure:5914: gcc -c  -O2   conftest.c >&5
configure:5920: $? = 0
configure:5927: test -z "$ac_c_werror_flag" || test ! -s conftest.err
configure:5930: $? = 0
configure:5937: test -s conftest.o
configure:5940: $? = 0
configure:5953: result: yes
configure:5893: checking for string.h
configure:5914: gcc -c  -O2   conftest.c >&5
configure:5920: $? = 0
configure:5927: test -z "$ac_c_werror_flag" || test ! -s conftest.err
configure:5930: $? = 0
configure:5937: test -s conftest.o
configure:5940: $? = 0
configure:5953: result: yes
configure:5893: checking for memory.h
configure:5914: gcc -c  -O2   conftest.c >&5
configure:5920: $? = 0
configure:5927: test -z "$ac_c_werror_flag" || test ! -s conftest.err
configure:5930: $? = 0
configure:5937: test -s conftest.o
configure:5940: $? = 0
configure:5953: result: yes
configure:5893: checking for strings.h
configure:5914: gcc -c  -O2   conftest.c >&5
configure:5920: $? = 0
configure:5927: test -z "$ac_c_werror_flag" || test ! -s conftest.err
configure:5930: $? = 0
configure:5937: test -s conftest.o
configure:5940: $? = 0
configure:5953: result: yes
configure:5893: checking for inttypes.h
configure:5914: gcc -c  -O2   conftest.c >&5
configure:5920: $? = 0
configure:5927: test -z "$ac_c_werror_flag" || test ! -s conftest.err
configure:5930: $? = 0
configure:5937: test -s conftest.o
configure:5940: $? = 0
configure:5953: result: yes
configure:5893: checking for stdint.h
configure:5914: gcc -c  -O2   conftest.c >&5
configure:5920: $? = 0
configure:5927: test -z "$ac_c_werror_flag" || test ! -s conftest.err
configure:5930: $? = 0
configure:5937: test -s conftest.o
configure:5940: $? = 0
configure:5953: result: yes
configure:5893: checking for unistd.h
configure:5914: gcc -c  -O2   conftest.c >&5
configure:5920: $? = 0
configure:5927: test -z "$ac_c_werror_flag" || test ! -s conftest.err
configure:5930: $? = 0
configure:5937: test -s conftest.o
configure:5940: $? = 0
configure:5953: result: yes
configure:5990: checking arpa/inet.h usability
configure:6007: gcc -c  -O2   conftest.c >&5
configure:6013: $? = 0
configure:6020: test -z "$ac_c_werror_flag" || test ! -s conftest.err
configure:6023: $? = 0
configure:6030: test -s conftest.o
configure:6033: $? = 0
configure:6044: result: yes
configure:6048: checking arpa/inet.h presence
configure:6063: gcc -E  conftest.c
configure:6069: $? = 0
configure:6090: result: yes
configure:6118: checking for arpa/inet.h
configure:6126: result: yes
configure:5990: checking libintl.h usability
configure:6007: gcc -c  -O2   conftest.c >&5
configure:6013: $? = 0
configure:6020: test -z "$ac_c_werror_flag" || test ! -s conftest.err
configure:6023: $? = 0
configure:6030: test -s conftest.o
configure:6033: $? = 0
configure:6044: result: yes
configure:6048: checking libintl.h presence
configure:6063: gcc -E  conftest.c
configure:6069: $? = 0
configure:6090: result: yes
configure:6118: checking for libintl.h
configure:6126: result: yes
configure:5990: checking netdb.h usability
configure:6007: gcc -c  -O2   conftest.c >&5
configure:6013: $? = 0
configure:6020: test -z "$ac_c_werror_flag" || test ! -s conftest.err
configure:6023: $? = 0
configure:6030: test -s conftest.o
configure:6033: $? = 0
configure:6044: result: yes
configure:6048: checking netdb.h presence
configure:6063: gcc -E  conftest.c
configure:6069: $? = 0
configure:6090: result: yes
configure:6118: checking for netdb.h
configure:6126: result: yes
configure:5990: checking netinet/in.h usability
configure:6007: gcc -c  -O2   conftest.c >&5
configure:6013: $? = 0
configure:6020: test -z "$ac_c_werror_flag" || test ! -s conftest.err
configure:6023: $? = 0
configure:6030: test -s conftest.o
configure:6033: $? = 0
configure:6044: result: yes
configure:6048: checking netinet/in.h presence
configure:6063: gcc -E  conftest.c
configure:6069: $? = 0
configure:6090: result: yes
configure:6118: checking for netinet/in.h
configure:6126: result: yes
configure:5980: checking for stdlib.h
configure:5986: result: yes
configure:5980: checking for string.h
configure:5986: result: yes
configure:5980: checking for strings.h
configure:5986: result: yes
configure:5990: checking sys/socket.h usability
configure:6007: gcc -c  -O2   conftest.c >&5
configure:6013: $? = 0
configure:6020: test -z "$ac_c_werror_flag" || test ! -s conftest.err
configure:6023: $? = 0
configure:6030: test -s conftest.o
configure:6033: $? = 0
configure:6044: result: yes
configure:6048: checking sys/socket.h presence
configure:6063: gcc -E  conftest.c
configure:6069: $? = 0
configure:6090: result: yes
configure:6118: checking for sys/socket.h
configure:6126: result: yes
configure:5990: checking sys/time.h usability
configure:6007: gcc -c  -O2   conftest.c >&5
configure:6013: $? = 0
configure:6020: test -z "$ac_c_werror_flag" || test ! -s conftest.err
configure:6023: $? = 0
configure:6030: test -s conftest.o
configure:6033: $? = 0
configure:6044: result: yes
configure:6048: checking sys/time.h presence
configure:6063: gcc -E  conftest.c
configure:6069: $? = 0
configure:6090: result: yes
configure:6118: checking for sys/time.h
configure:6126: result: yes
configure:5990: checking syslog.h usability
configure:6007: gcc -c  -O2   conftest.c >&5
configure:6013: $? = 0
configure:6020: test -z "$ac_c_werror_flag" || test ! -s conftest.err
configure:6023: $? = 0
configure:6030: test -s conftest.o
configure:6033: $? = 0
configure:6044: result: yes
configure:6048: checking syslog.h presence
configure:6063: gcc -E  conftest.c
configure:6069: $? = 0
configure:6090: result: yes
configure:6118: checking for syslog.h
configure:6126: result: yes
configure:5980: checking for unistd.h
configure:5986: result: yes
configure:6141: checking for an ANSI C-conforming const
configure:6216: gcc -c  -O2   conftest.c >&5
configure:6222: $? = 0
configure:6229: test -z "$ac_c_werror_flag" || test ! -s conftest.err
configure:6232: $? = 0
configure:6239: test -s conftest.o
configure:6242: $? = 0
configure:6254: result: yes
configure:6264: checking for size_t
configure:6294: gcc -c  -O2   conftest.c >&5
configure:6300: $? = 0
configure:6307: test -z "$ac_c_werror_flag" || test ! -s conftest.err
configure:6310: $? = 0
configure:6317: test -s conftest.o
configure:6320: $? = 0
configure:6332: result: yes
configure:6344: checking for ssize_t
configure:6374: gcc -c  -O2   conftest.c >&5
configure:6380: $? = 0
configure:6387: test -z "$ac_c_werror_flag" || test ! -s conftest.err
configure:6390: $? = 0
configure:6397: test -s conftest.o
configure:6400: $? = 0
configure:6412: result: yes
configure:6428: checking whether time.h and sys/time.h may both be included
configure:6458: gcc -c  -O2   conftest.c >&5
configure:6464: $? = 0
configure:6471: test -z "$ac_c_werror_flag" || test ! -s conftest.err
configure:6474: $? = 0
configure:6481: test -s conftest.o
configure:6484: $? = 0
configure:6496: result: yes
configure:6506: checking whether struct tm is in sys/time.h or time.h
configure:6534: gcc -c  -O2   conftest.c >&5
configure:6540: $? = 0
configure:6547: test -z "$ac_c_werror_flag" || test ! -s conftest.err
configure:6550: $? = 0
configure:6557: test -s conftest.o
configure:6560: $? = 0
configure:6572: result: time.h
configure:6584: checking for stdint types
configure:6617: gcc -c   conftest.c >&5
configure:6623: $? = 0
configure:6630: test -z "$ac_c_werror_flag" || test ! -s conftest.err
configure:6633: $? = 0
configure:6640: test -s conftest.o
configure:6643: $? = 0
configure:6673: result: stdint.h (shortcircuit)
configure:10005: result: make use of stdint.h in include/iperf-int.h (assuming C99 compatible system)
configure:10014: checking 3rd argument of accept
configure:10053: g++ -c  -O2   conftest.cpp >&5
configure:10059: $? = 0
configure:10066: test -z "$ac_cxx_werror_flag" || test ! -s conftest.err
configure:10069: $? = 0
configure:10076: test -s conftest.o
configure:10079: $? = 0
configure:10421: result: socklen_t
configure:10434: checking for pid_t
configure:10464: gcc -c  -O2   conftest.c >&5
configure:10470: $? = 0
configure:10477: test -z "$ac_c_werror_flag" || test ! -s conftest.err
configure:10480: $? = 0
configure:10487: test -s conftest.o
configure:10490: $? = 0
configure:10502: result: yes
configure:10529: checking vfork.h usability
configure:10546: gcc -c  -O2   conftest.c >&5
conftest.c:70:19: error: vfork.h: No such file or directory
configure:10552: $? = 1
configure: failed program was:
| /* confdefs.h.  */
| #define PACKAGE_NAME "Iperf"
| #define PACKAGE_TARNAME "iperf"
| #define PACKAGE_VERSION "2.0.4"
| #define PACKAGE_STRING "Iperf 2.0.4"
| #define PACKAGE_BUGREPORT ""
| #define PACKAGE "iperf"
| #define VERSION "2.0.4"
| #define HAVE_PTHREAD 1
| #define HAVE_POSIX_THREAD 1
| #define _REENTRANT 1
| #define STDC_HEADERS 1
| #define HAVE_SYS_TYPES_H 1
| #define HAVE_SYS_STAT_H 1
| #define HAVE_STDLIB_H 1
| #define HAVE_STRING_H 1
| #define HAVE_MEMORY_H 1
| #define HAVE_STRINGS_H 1
| #define HAVE_INTTYPES_H 1
| #define HAVE_STDINT_H 1
| #define HAVE_UNISTD_H 1
| #define HAVE_ARPA_INET_H 1
| #define HAVE_LIBINTL_H 1
| #define HAVE_NETDB_H 1
| #define HAVE_NETINET_IN_H 1
| #define HAVE_STDLIB_H 1
| #define HAVE_STRING_H 1
| #define HAVE_STRINGS_H 1
| #define HAVE_SYS_SOCKET_H 1
| #define HAVE_SYS_TIME_H 1
| #define HAVE_SYSLOG_H 1
| #define HAVE_UNISTD_H 1
| #define HAVE_SSIZE_T 1
| #define TIME_WITH_SYS_TIME 1
| #define Socklen_t socklen_t
| /* end confdefs.h.  */
| #include <stdio.h>
| #if HAVE_SYS_TYPES_H
| # include <sys/types.h>
| #endif
| #if HAVE_SYS_STAT_H
| # include <sys/stat.h>
| #endif
| #if STDC_HEADERS
| # include <stdlib.h>
| # include <stddef.h>
| #else
| # if HAVE_STDLIB_H
| #  include <stdlib.h>
| # endif
| #endif
| #if HAVE_STRING_H
| # if !STDC_HEADERS && HAVE_MEMORY_H
| #  include <memory.h>
| # endif
| # include <string.h>
| #endif
| #if HAVE_STRINGS_H
| # include <strings.h>
| #endif
| #if HAVE_INTTYPES_H
| # include <inttypes.h>
| #endif
| #if HAVE_STDINT_H
| # include <stdint.h>
| #endif
| #if HAVE_UNISTD_H
| # include <unistd.h>
| #endif
| #include <vfork.h>
configure:10583: result: no
configure:10587: checking vfork.h presence
configure:10602: gcc -E  conftest.c
conftest.c:37:19: error: vfork.h: No such file or directory
configure:10608: $? = 1
configure: failed program was:
| /* confdefs.h.  */
| #define PACKAGE_NAME "Iperf"
| #define PACKAGE_TARNAME "iperf"
| #define PACKAGE_VERSION "2.0.4"
| #define PACKAGE_STRING "Iperf 2.0.4"
| #define PACKAGE_BUGREPORT ""
| #define PACKAGE "iperf"
| #define VERSION "2.0.4"
| #define HAVE_PTHREAD 1
| #define HAVE_POSIX_THREAD 1
| #define _REENTRANT 1
| #define STDC_HEADERS 1
| #define HAVE_SYS_TYPES_H 1
| #define HAVE_SYS_STAT_H 1
| #define HAVE_STDLIB_H 1
| #define HAVE_STRING_H 1
| #define HAVE_MEMORY_H 1
| #define HAVE_STRINGS_H 1
| #define HAVE_INTTYPES_H 1
| #define HAVE_STDINT_H 1
| #define HAVE_UNISTD_H 1
| #define HAVE_ARPA_INET_H 1
| #define HAVE_LIBINTL_H 1
| #define HAVE_NETDB_H 1
| #define HAVE_NETINET_IN_H 1
| #define HAVE_STDLIB_H 1
| #define HAVE_STRING_H 1
| #define HAVE_STRINGS_H 1
| #define HAVE_SYS_SOCKET_H 1
| #define HAVE_SYS_TIME_H 1
| #define HAVE_SYSLOG_H 1
| #define HAVE_UNISTD_H 1
| #define HAVE_SSIZE_T 1
| #define TIME_WITH_SYS_TIME 1
| #define Socklen_t socklen_t
| /* end confdefs.h.  */
| #include <vfork.h>
configure:10629: result: no
configure:10657: checking for vfork.h
configure:10665: result: no
configure:10683: checking for fork
configure:10739: gcc -o conftest  -O2    conftest.c  >&5
conftest.c:60: warning: conflicting types for built-in function 'fork'
configure:10745: $? = 0
configure:10752: test -z "$ac_c_werror_flag" || test ! -s conftest.err
configure:10755: $? = 0
configure:10762: test -s conftest
configure:10765: $? = 0
configure:10779: result: yes
configure:10683: checking for vfork
configure:10739: gcc -o conftest  -O2    conftest.c  >&5
configure:10745: $? = 0
configure:10752: test -z "$ac_c_werror_flag" || test ! -s conftest.err
configure:10755: $? = 0
configure:10762: test -s conftest
configure:10765: $? = 0
configure:10779: result: yes
configure:10790: checking for working fork
configure:10822: gcc -o conftest  -O2    conftest.c  >&5
configure:10825: $? = 0
configure:10831: ./conftest
configure:10834: $? = 0
configure:10850: result: yes
configure:10871: checking for working vfork
configure:11009: result: yes
configure:11045: checking for stdlib.h
configure:11051: result: yes
configure:11204: checking for GNU libc compatible malloc
configure:11238: gcc -o conftest  -O2    conftest.c  >&5
configure:11241: $? = 0
configure:11247: ./conftest
configure:11250: $? = 0
configure:11266: result: yes
configure:11294: checking for working memcmp
configure:11347: gcc -o conftest  -O2    conftest.c  >&5
configure:11350: $? = 0
configure:11356: ./conftest
configure:11359: $? = 0
configure:11375: result: yes
configure:11400: checking sys/select.h usability
configure:11417: gcc -c  -O2   conftest.c >&5
configure:11423: $? = 0
configure:11430: test -z "$ac_c_werror_flag" || test ! -s conftest.err
configure:11433: $? = 0
configure:11440: test -s conftest.o
configure:11443: $? = 0
configure:11454: result: yes
configure:11458: checking sys/select.h presence
configure:11473: gcc -E  conftest.c
configure:11479: $? = 0
configure:11500: result: yes
configure:11528: checking for sys/select.h
configure:11536: result: yes
configure:11390: checking for sys/socket.h
configure:11396: result: yes
configure:11549: checking types of arguments for select
configure:11587: gcc -c  -O2   conftest.c >&5
configure:11593: $? = 0
configure:11600: test -z "$ac_c_werror_flag" || test ! -s conftest.err
configure:11603: $? = 0
configure:11610: test -s conftest.o
configure:11613: $? = 0
configure:11631: result: int,fd_set *,struct timeval *
configure:11654: checking return type of signal handlers
configure:11682: gcc -c  -O2   conftest.c >&5
conftest.c: In function 'main':
conftest.c:54: error: void value not ignored as it ought to be
configure:11688: $? = 1
configure: failed program was:
| /* confdefs.h.  */
| #define PACKAGE_NAME "Iperf"
| #define PACKAGE_TARNAME "iperf"
| #define PACKAGE_VERSION "2.0.4"
| #define PACKAGE_STRING "Iperf 2.0.4"
| #define PACKAGE_BUGREPORT ""
| #define PACKAGE "iperf"
| #define VERSION "2.0.4"
| #define HAVE_PTHREAD 1
| #define HAVE_POSIX_THREAD 1
| #define _REENTRANT 1
| #define STDC_HEADERS 1
| #define HAVE_SYS_TYPES_H 1
| #define HAVE_SYS_STAT_H 1
| #define HAVE_STDLIB_H 1
| #define HAVE_STRING_H 1
| #define HAVE_MEMORY_H 1
| #define HAVE_STRINGS_H 1
| #define HAVE_INTTYPES_H 1
| #define HAVE_STDINT_H 1
| #define HAVE_UNISTD_H 1
| #define HAVE_ARPA_INET_H 1
| #define HAVE_LIBINTL_H 1
| #define HAVE_NETDB_H 1
| #define HAVE_NETINET_IN_H 1
| #define HAVE_STDLIB_H 1
| #define HAVE_STRING_H 1
| #define HAVE_STRINGS_H 1
| #define HAVE_SYS_SOCKET_H 1
| #define HAVE_SYS_TIME_H 1
| #define HAVE_SYSLOG_H 1
| #define HAVE_UNISTD_H 1
| #define HAVE_SSIZE_T 1
| #define TIME_WITH_SYS_TIME 1
| #define Socklen_t socklen_t
| #define HAVE_FORK 1
| #define HAVE_VFORK 1
| #define HAVE_WORKING_VFORK 1
| #define HAVE_WORKING_FORK 1
| #define HAVE_STDLIB_H 1
| #define HAVE_MALLOC 1
| #define HAVE_SYS_SELECT_H 1
| #define HAVE_SYS_SOCKET_H 1
| #define SELECT_TYPE_ARG1 int
| #define SELECT_TYPE_ARG234 (fd_set *)
| #define SELECT_TYPE_ARG5 (struct timeval *)
| /* end confdefs.h.  */
| #include <sys/types.h>
| #include <signal.h>
| 
| int
| main ()
| {
| return *(signal (0, 0)) (0) == 1;
|   ;
|   return 0;
| }
configure:11720: result: void
configure:11732: checking for strftime
configure:11788: gcc -o conftest  -O2    conftest.c  >&5
conftest.c:72: warning: conflicting types for built-in function 'strftime'
configure:11794: $? = 0
configure:11801: test -z "$ac_c_werror_flag" || test ! -s conftest.err
configure:11804: $? = 0
configure:11811: test -s conftest
configure:11814: $? = 0
configure:11828: result: yes
configure:11929: checking for vprintf
configure:11985: gcc -o conftest  -O2    conftest.c  >&5
conftest.c:73: warning: conflicting types for built-in function 'vprintf'
configure:11991: $? = 0
configure:11998: test -z "$ac_c_werror_flag" || test ! -s conftest.err
configure:12001: $? = 0
configure:12008: test -s conftest
configure:12011: $? = 0
configure:12025: result: yes
configure:12032: checking for _doprnt
configure:12088: gcc -o conftest  -O2    conftest.c  >&5
/tmp/ccKh4BeB.o: In function `main':
conftest.c:(.text+0x12): undefined reference to `_doprnt'
collect2: ld returned 1 exit status
configure:12094: $? = 1
configure: failed program was:
| /* confdefs.h.  */
| #define PACKAGE_NAME "Iperf"
| #define PACKAGE_TARNAME "iperf"
| #define PACKAGE_VERSION "2.0.4"
| #define PACKAGE_STRING "Iperf 2.0.4"
| #define PACKAGE_BUGREPORT ""
| #define PACKAGE "iperf"
| #define VERSION "2.0.4"
| #define HAVE_PTHREAD 1
| #define HAVE_POSIX_THREAD 1
| #define _REENTRANT 1
| #define STDC_HEADERS 1
| #define HAVE_SYS_TYPES_H 1
| #define HAVE_SYS_STAT_H 1
| #define HAVE_STDLIB_H 1
| #define HAVE_STRING_H 1
| #define HAVE_MEMORY_H 1
| #define HAVE_STRINGS_H 1
| #define HAVE_INTTYPES_H 1
| #define HAVE_STDINT_H 1
| #define HAVE_UNISTD_H 1
| #define HAVE_ARPA_INET_H 1
| #define HAVE_LIBINTL_H 1
| #define HAVE_NETDB_H 1
| #define HAVE_NETINET_IN_H 1
| #define HAVE_STDLIB_H 1
| #define HAVE_STRING_H 1
| #define HAVE_STRINGS_H 1
| #define HAVE_SYS_SOCKET_H 1
| #define HAVE_SYS_TIME_H 1
| #define HAVE_SYSLOG_H 1
| #define HAVE_UNISTD_H 1
| #define HAVE_SSIZE_T 1
| #define TIME_WITH_SYS_TIME 1
| #define Socklen_t socklen_t
| #define HAVE_FORK 1
| #define HAVE_VFORK 1
| #define HAVE_WORKING_VFORK 1
| #define HAVE_WORKING_FORK 1
| #define HAVE_STDLIB_H 1
| #define HAVE_MALLOC 1
| #define HAVE_SYS_SELECT_H 1
| #define HAVE_SYS_SOCKET_H 1
| #define SELECT_TYPE_ARG1 int
| #define SELECT_TYPE_ARG234 (fd_set *)
| #define SELECT_TYPE_ARG5 (struct timeval *)
| #define RETSIGTYPE void
| #define HAVE_STRFTIME 1
| #define HAVE_VPRINTF 1
| /* end confdefs.h.  */
| /* Define _doprnt to an innocuous variant, in case <limits.h> declares _doprnt.
|    For example, HP-UX 11i <limits.h> declares gettimeofday.  */
| #define _doprnt innocuous__doprnt
| 
| /* System header to define __stub macros and hopefully few prototypes,
|     which can conflict with char _doprnt (); below.
|     Prefer <limits.h> to <assert.h> if __STDC__ is defined, since
|     <limits.h> exists even on freestanding compilers.  */
| 
| #ifdef __STDC__
| # include <limits.h>
| #else
| # include <assert.h>
| #endif
| 
| #undef _doprnt
| 
| /* Override any GCC internal prototype to avoid an error.
|    Use char because int might match the return type of a GCC
|    builtin and then its argument prototype would still apply.  */
| #ifdef __cplusplus
| extern "C"
| #endif
| char _doprnt ();
| /* The GNU C library defines this for functions which it implements
|     to always fail with ENOSYS.  Some functions are actually named
|     something starting with __ and the normal name is an alias.  */
| #if defined __stub__doprnt || defined __stub____doprnt
| choke me
| #endif
| 
| int
| main ()
| {
| return _doprnt ();
|   ;
|   return 0;
| }
configure:12127: result: no
configure:12153: checking for atexit
configure:12209: gcc -o conftest  -O2    conftest.c  >&5
configure:12215: $? = 0
configure:12222: test -z "$ac_c_werror_flag" || test ! -s conftest.err
configure:12225: $? = 0
configure:12232: test -s conftest
configure:12235: $? = 0
configure:12249: result: yes
configure:12153: checking for gettimeofday
configure:12209: gcc -o conftest  -O2    conftest.c  >&5
configure:12215: $? = 0
configure:12222: test -z "$ac_c_werror_flag" || test ! -s conftest.err
configure:12225: $? = 0
configure:12232: test -s conftest
configure:12235: $? = 0
configure:12249: result: yes
configure:12153: checking for memset
configure:12209: gcc -o conftest  -O2    conftest.c  >&5
conftest.c:76: warning: conflicting types for built-in function 'memset'
configure:12215: $? = 0
configure:12222: test -z "$ac_c_werror_flag" || test ! -s conftest.err
configure:12225: $? = 0
configure:12232: test -s conftest
configure:12235: $? = 0
configure:12249: result: yes
configure:12153: checking for pthread_cancel
configure:12209: gcc -o conftest  -O2    conftest.c  >&5
/tmp/ccI0RfVV.o: In function `main':
conftest.c:(.text+0x12): undefined reference to `pthread_cancel'
collect2: ld returned 1 exit status
configure:12215: $? = 1
configure: failed program was:
| /* confdefs.h.  */
| #define PACKAGE_NAME "Iperf"
| #define PACKAGE_TARNAME "iperf"
| #define PACKAGE_VERSION "2.0.4"
| #define PACKAGE_STRING "Iperf 2.0.4"
| #define PACKAGE_BUGREPORT ""
| #define PACKAGE "iperf"
| #define VERSION "2.0.4"
| #define HAVE_PTHREAD 1
| #define HAVE_POSIX_THREAD 1
| #define _REENTRANT 1
| #define STDC_HEADERS 1
| #define HAVE_SYS_TYPES_H 1
| #define HAVE_SYS_STAT_H 1
| #define HAVE_STDLIB_H 1
| #define HAVE_STRING_H 1
| #define HAVE_MEMORY_H 1
| #define HAVE_STRINGS_H 1
| #define HAVE_INTTYPES_H 1
| #define HAVE_STDINT_H 1
| #define HAVE_UNISTD_H 1
| #define HAVE_ARPA_INET_H 1
| #define HAVE_LIBINTL_H 1
| #define HAVE_NETDB_H 1
| #define HAVE_NETINET_IN_H 1
| #define HAVE_STDLIB_H 1
| #define HAVE_STRING_H 1
| #define HAVE_STRINGS_H 1
| #define HAVE_SYS_SOCKET_H 1
| #define HAVE_SYS_TIME_H 1
| #define HAVE_SYSLOG_H 1
| #define HAVE_UNISTD_H 1
| #define HAVE_SSIZE_T 1
| #define TIME_WITH_SYS_TIME 1
| #define Socklen_t socklen_t
| #define HAVE_FORK 1
| #define HAVE_VFORK 1
| #define HAVE_WORKING_VFORK 1
| #define HAVE_WORKING_FORK 1
| #define HAVE_STDLIB_H 1
| #define HAVE_MALLOC 1
| #define HAVE_SYS_SELECT_H 1
| #define HAVE_SYS_SOCKET_H 1
| #define SELECT_TYPE_ARG1 int
| #define SELECT_TYPE_ARG234 (fd_set *)
| #define SELECT_TYPE_ARG5 (struct timeval *)
| #define RETSIGTYPE void
| #define HAVE_STRFTIME 1
| #define HAVE_VPRINTF 1
| #define HAVE_ATEXIT 1
| #define HAVE_GETTIMEOFDAY 1
| #define HAVE_MEMSET 1
| /* end confdefs.h.  */
| /* Define pthread_cancel to an innocuous variant, in case <limits.h> declares pthread_cancel.
|    For example, HP-UX 11i <limits.h> declares gettimeofday.  */
| #define pthread_cancel innocuous_pthread_cancel
| 
| /* System header to define __stub macros and hopefully few prototypes,
|     which can conflict with char pthread_cancel (); below.
|     Prefer <limits.h> to <assert.h> if __STDC__ is defined, since
|     <limits.h> exists even on freestanding compilers.  */
| 
| #ifdef __STDC__
| # include <limits.h>
| #else
| # include <assert.h>
| #endif
| 
| #undef pthread_cancel
| 
| /* Override any GCC internal prototype to avoid an error.
|    Use char because int might match the return type of a GCC
|    builtin and then its argument prototype would still apply.  */
| #ifdef __cplusplus
| extern "C"
| #endif
| char pthread_cancel ();
| /* The GNU C library defines this for functions which it implements
|     to always fail with ENOSYS.  Some functions are actually named
|     something starting with __ and the normal name is an alias.  */
| #if defined __stub_pthread_cancel || defined __stub___pthread_cancel
| choke me
| #endif
| 
| int
| main ()
| {
| return pthread_cancel ();
|   ;
|   return 0;
| }
configure:12249: result: no
configure:12153: checking for select
configure:12209: gcc -o conftest  -O2    conftest.c  >&5
configure:12215: $? = 0
configure:12222: test -z "$ac_c_werror_flag" || test ! -s conftest.err
configure:12225: $? = 0
configure:12232: test -s conftest
configure:12235: $? = 0
configure:12249: result: yes
configure:12153: checking for strchr
configure:12209: gcc -o conftest  -O2    conftest.c  >&5
conftest.c:78: warning: conflicting types for built-in function 'strchr'
configure:12215: $? = 0
configure:12222: test -z "$ac_c_werror_flag" || test ! -s conftest.err
configure:12225: $? = 0
configure:12232: test -s conftest
configure:12235: $? = 0
configure:12249: result: yes
configure:12153: checking for strerror
configure:12209: gcc -o conftest  -O2    conftest.c  >&5
configure:12215: $? = 0
configure:12222: test -z "$ac_c_werror_flag" || test ! -s conftest.err
configure:12225: $? = 0
configure:12232: test -s conftest
configure:12235: $? = 0
configure:12249: result: yes
configure:12153: checking for strtol
configure:12209: gcc -o conftest  -O2    conftest.c  >&5
configure:12215: $? = 0
configure:12222: test -z "$ac_c_werror_flag" || test ! -s conftest.err
configure:12225: $? = 0
configure:12232: test -s conftest
configure:12235: $? = 0
configure:12249: result: yes
configure:12153: checking for usleep
configure:12209: gcc -o conftest  -O2    conftest.c  >&5
configure:12215: $? = 0
configure:12222: test -z "$ac_c_werror_flag" || test ! -s conftest.err
configure:12225: $? = 0
configure:12232: test -s conftest
configure:12235: $? = 0
configure:12249: result: yes
configure:12266: checking for snprintf
configure:12322: gcc -o conftest  -O2    conftest.c  >&5
conftest.c:82: warning: conflicting types for built-in function 'snprintf'
configure:12328: $? = 0
configure:12335: test -z "$ac_c_werror_flag" || test ! -s conftest.err
configure:12338: $? = 0
configure:12345: test -s conftest
configure:12348: $? = 0
configure:12362: result: yes
configure:12266: checking for inet_pton
configure:12322: gcc -o conftest  -O2    conftest.c  >&5
configure:12328: $? = 0
configure:12335: test -z "$ac_c_werror_flag" || test ! -s conftest.err
configure:12338: $? = 0
configure:12345: test -s conftest
configure:12348: $? = 0
configure:12362: result: yes
configure:12266: checking for inet_ntop
configure:12322: gcc -o conftest  -O2    conftest.c  >&5
configure:12328: $? = 0
configure:12335: test -z "$ac_c_werror_flag" || test ! -s conftest.err
configure:12338: $? = 0
configure:12345: test -s conftest
configure:12348: $? = 0
configure:12362: result: yes
configure:12266: checking for gettimeofday
configure:12362: result: yes
configure:12387: checking *printf() support for %lld
configure:12414: gcc -o conftest  -O2    conftest.c  >&5
configure:12417: $? = 0
configure:12423: ./conftest
configure:12426: $? = 0
configure:12429: result: yes
configure:12526: checking for bool
configure:12556: gcc -c  -O2   conftest.c >&5
conftest.c:97: error: expected '=', ',', ';', 'asm' or '__attribute__' before 'ac__type_new_'
conftest.c: In function 'main':
conftest.c:101: error: 'ac__type_new_' undeclared (first use in this function)
conftest.c:101: error: (Each undeclared identifier is reported only once
conftest.c:101: error: for each function it appears in.)
conftest.c:101: error: expected expression before ')' token
configure:12562: $? = 1
configure: failed program was:
| /* confdefs.h.  */
| #define PACKAGE_NAME "Iperf"
| #define PACKAGE_TARNAME "iperf"
| #define PACKAGE_VERSION "2.0.4"
| #define PACKAGE_STRING "Iperf 2.0.4"
| #define PACKAGE_BUGREPORT ""
| #define PACKAGE "iperf"
| #define VERSION "2.0.4"
| #define HAVE_PTHREAD 1
| #define HAVE_POSIX_THREAD 1
| #define _REENTRANT 1
| #define STDC_HEADERS 1
| #define HAVE_SYS_TYPES_H 1
| #define HAVE_SYS_STAT_H 1
| #define HAVE_STDLIB_H 1
| #define HAVE_STRING_H 1
| #define HAVE_MEMORY_H 1
| #define HAVE_STRINGS_H 1
| #define HAVE_INTTYPES_H 1
| #define HAVE_STDINT_H 1
| #define HAVE_UNISTD_H 1
| #define HAVE_ARPA_INET_H 1
| #define HAVE_LIBINTL_H 1
| #define HAVE_NETDB_H 1
| #define HAVE_NETINET_IN_H 1
| #define HAVE_STDLIB_H 1
| #define HAVE_STRING_H 1
| #define HAVE_STRINGS_H 1
| #define HAVE_SYS_SOCKET_H 1
| #define HAVE_SYS_TIME_H 1
| #define HAVE_SYSLOG_H 1
| #define HAVE_UNISTD_H 1
| #define HAVE_SSIZE_T 1
| #define TIME_WITH_SYS_TIME 1
| #define Socklen_t socklen_t
| #define HAVE_FORK 1
| #define HAVE_VFORK 1
| #define HAVE_WORKING_VFORK 1
| #define HAVE_WORKING_FORK 1
| #define HAVE_STDLIB_H 1
| #define HAVE_MALLOC 1
| #define HAVE_SYS_SELECT_H 1
| #define HAVE_SYS_SOCKET_H 1
| #define SELECT_TYPE_ARG1 int
| #define SELECT_TYPE_ARG234 (fd_set *)
| #define SELECT_TYPE_ARG5 (struct timeval *)
| #define RETSIGTYPE void
| #define HAVE_STRFTIME 1
| #define HAVE_VPRINTF 1
| #define HAVE_ATEXIT 1
| #define HAVE_GETTIMEOFDAY 1
| #define HAVE_MEMSET 1
| #define HAVE_SELECT 1
| #define HAVE_STRCHR 1
| #define HAVE_STRERROR 1
| #define HAVE_STRTOL 1
| #define HAVE_USLEEP 1
| #define HAVE_SNPRINTF 1
| #define HAVE_INET_PTON 1
| #define HAVE_INET_NTOP 1
| #define HAVE_GETTIMEOFDAY 1
| #define HAVE_QUAD_SUPPORT 1
| /* end confdefs.h.  */
| #include <stdio.h>
| #if HAVE_SYS_TYPES_H
| # include <sys/types.h>
| #endif
| #if HAVE_SYS_STAT_H
| # include <sys/stat.h>
| #endif
| #if STDC_HEADERS
| # include <stdlib.h>
| # include <stddef.h>
| #else
| # if HAVE_STDLIB_H
| #  include <stdlib.h>
| # endif
| #endif
| #if HAVE_STRING_H
| # if !STDC_HEADERS && HAVE_MEMORY_H
| #  include <memory.h>
| # endif
| # include <string.h>
| #endif
| #if HAVE_STRINGS_H
| # include <strings.h>
| #endif
| #if HAVE_INTTYPES_H
| # include <inttypes.h>
| #endif
| #if HAVE_STDINT_H
| # include <stdint.h>
| #endif
| #if HAVE_UNISTD_H
| # include <unistd.h>
| #endif
| typedef bool ac__type_new_;
| int
| main ()
| {
| if ((ac__type_new_ *) 0)
|   return 0;
| if (sizeof (ac__type_new_))
|   return 0;
|   ;
|   return 0;
| }
configure:12594: result: no
configure:12597: checking size of bool
configure:13019: result: 0
configure:13033: checking if true is defined
configure:13066: g++ -c  -O2   conftest.cpp >&5
configure:13072: $? = 0
configure:13079: test -z "$ac_cxx_werror_flag" || test ! -s conftest.err
configure:13082: $? = 0
configure:13089: test -s conftest.o
configure:13092: $? = 0
configure:13111: result: yes
configure:13127: checking whether byte ordering is bigendian
configure:13159: gcc -c  -O2   conftest.c >&5
configure:13165: $? = 0
configure:13172: test -z "$ac_c_werror_flag" || test ! -s conftest.err
configure:13175: $? = 0
configure:13182: test -s conftest.o
configure:13185: $? = 0
configure:13214: gcc -c  -O2   conftest.c >&5
conftest.c: In function 'main':
conftest.c:73: error: 'not' undeclared (first use in this function)
conftest.c:73: error: (Each undeclared identifier is reported only once
conftest.c:73: error: for each function it appears in.)
conftest.c:73: error: expected ';' before 'big'
configure:13220: $? = 1
configure: failed program was:
| /* confdefs.h.  */
| #define PACKAGE_NAME "Iperf"
| #define PACKAGE_TARNAME "iperf"
| #define PACKAGE_VERSION "2.0.4"
| #define PACKAGE_STRING "Iperf 2.0.4"
| #define PACKAGE_BUGREPORT ""
| #define PACKAGE "iperf"
| #define VERSION "2.0.4"
| #define HAVE_PTHREAD 1
| #define HAVE_POSIX_THREAD 1
| #define _REENTRANT 1
| #define STDC_HEADERS 1
| #define HAVE_SYS_TYPES_H 1
| #define HAVE_SYS_STAT_H 1
| #define HAVE_STDLIB_H 1
| #define HAVE_STRING_H 1
| #define HAVE_MEMORY_H 1
| #define HAVE_STRINGS_H 1
| #define HAVE_INTTYPES_H 1
| #define HAVE_STDINT_H 1
| #define HAVE_UNISTD_H 1
| #define HAVE_ARPA_INET_H 1
| #define HAVE_LIBINTL_H 1
| #define HAVE_NETDB_H 1
| #define HAVE_NETINET_IN_H 1
| #define HAVE_STDLIB_H 1
| #define HAVE_STRING_H 1
| #define HAVE_STRINGS_H 1
| #define HAVE_SYS_SOCKET_H 1
| #define HAVE_SYS_TIME_H 1
| #define HAVE_SYSLOG_H 1
| #define HAVE_UNISTD_H 1
| #define HAVE_SSIZE_T 1
| #define TIME_WITH_SYS_TIME 1
| #define Socklen_t socklen_t
| #define HAVE_FORK 1
| #define HAVE_VFORK 1
| #define HAVE_WORKING_VFORK 1
| #define HAVE_WORKING_FORK 1
| #define HAVE_STDLIB_H 1
| #define HAVE_MALLOC 1
| #define HAVE_SYS_SELECT_H 1
| #define HAVE_SYS_SOCKET_H 1
| #define SELECT_TYPE_ARG1 int
| #define SELECT_TYPE_ARG234 (fd_set *)
| #define SELECT_TYPE_ARG5 (struct timeval *)
| #define RETSIGTYPE void
| #define HAVE_STRFTIME 1
| #define HAVE_VPRINTF 1
| #define HAVE_ATEXIT 1
| #define HAVE_GETTIMEOFDAY 1
| #define HAVE_MEMSET 1
| #define HAVE_SELECT 1
| #define HAVE_STRCHR 1
| #define HAVE_STRERROR 1
| #define HAVE_STRTOL 1
| #define HAVE_USLEEP 1
| #define HAVE_SNPRINTF 1
| #define HAVE_INET_PTON 1
| #define HAVE_INET_NTOP 1
| #define HAVE_GETTIMEOFDAY 1
| #define HAVE_QUAD_SUPPORT 1
| #define SIZEOF_BOOL 0
| #define bool int
| /* end confdefs.h.  */
| #include <sys/types.h>
| #include <sys/param.h>
| 
| int
| main ()
| {
| #if BYTE_ORDER != BIG_ENDIAN
|  not big endian
| #endif
| 
|   ;
|   return 0;
| }
configure:13394: result: no
configure:13416: checking for struct ip_mreq
configure:13447: gcc -c  -O2   conftest.c >&5
configure:13453: $? = 0
configure:13460: test -z "$ac_c_werror_flag" || test ! -s conftest.err
configure:13463: $? = 0
configure:13470: test -s conftest.o
configure:13473: $? = 0
configure:13485: result: yes
configure:13496: checking whether IP_ADD_MEMBERSHIP is declared
configure:13527: gcc -c  -O2   conftest.c >&5
configure:13533: $? = 0
configure:13540: test -z "$ac_c_werror_flag" || test ! -s conftest.err
configure:13543: $? = 0
configure:13550: test -s conftest.o
configure:13553: $? = 0
configure:13565: result: yes
configure:13583: checking for multicast support
configure:13591: result: yes
configure:13603: checking for struct sockaddr_storage
configure:13634: gcc -c  -O2   conftest.c >&5
configure:13640: $? = 0
configure:13647: test -z "$ac_c_werror_flag" || test ! -s conftest.err
configure:13650: $? = 0
configure:13657: test -s conftest.o
configure:13660: $? = 0
configure:13672: result: yes
configure:13683: checking for struct sockaddr_in6
configure:13714: gcc -c  -O2   conftest.c >&5
configure:13720: $? = 0
configure:13727: test -z "$ac_c_werror_flag" || test ! -s conftest.err
configure:13730: $? = 0
configure:13737: test -s conftest.o
configure:13740: $? = 0
configure:13752: result: yes
configure:13763: checking whether AF_INET6 is declared
configure:13794: gcc -c  -O2   conftest.c >&5
configure:13800: $? = 0
configure:13807: test -z "$ac_c_werror_flag" || test ! -s conftest.err
configure:13810: $? = 0
configure:13817: test -s conftest.o
configure:13820: $? = 0
configure:13832: result: yes
configure:13850: checking for IPv6 headers and structures
configure:13865: result: yes
configure:13871: checking for struct ipv6_mreq
configure:13902: gcc -c  -O2   conftest.c >&5
configure:13908: $? = 0
configure:13915: test -z "$ac_c_werror_flag" || test ! -s conftest.err
configure:13918: $? = 0
configure:13925: test -s conftest.o
configure:13928: $? = 0
configure:13940: result: yes
configure:13951: checking whether IPV6_ADD_MEMBERSHIP is declared
configure:13982: gcc -c  -O2   conftest.c >&5
configure:13988: $? = 0
configure:13995: test -z "$ac_c_werror_flag" || test ! -s conftest.err
configure:13998: $? = 0
configure:14005: test -s conftest.o
configure:14008: $? = 0
configure:14020: result: yes
configure:14038: checking whether IPV6_MULTICAST_HOPS is declared
configure:14069: gcc -c  -O2   conftest.c >&5
configure:14075: $? = 0
configure:14082: test -z "$ac_c_werror_flag" || test ! -s conftest.err
configure:14085: $? = 0
configure:14092: test -s conftest.o
configure:14095: $? = 0
configure:14107: result: yes
configure:14125: checking for IPv6 multicast support
configure:14140: result: yes
configure:14265: checking whether make is GNU make
configure:14272: result: yes
configure:14407: creating ./config.status

## ---------------------- ##
## Running config.status. ##
## ---------------------- ##

This file was extended by Iperf config.status 2.0.4, which was
generated by GNU Autoconf 2.60.  Invocation command line was

  CONFIG_FILES    = 
  CONFIG_HEADERS  = 
  CONFIG_LINKS    = 
  CONFIG_COMMANDS = 
  $ ./config.status 

on andy

config.status:672: creating Makefile
config.status:672: creating compat/Makefile
config.status:672: creating doc/Makefile
config.status:672: creating include/Makefile
config.status:672: creating src/Makefile
config.status:672: creating man/Makefile
config.status:672: creating config.h
config.status:1003: executing depfiles commands
config.status:1003: executing include/iperf-int.h commands
config.status:1134: creating include/iperf-int.h : _IPERF_INCLUDE_IPERF_INT_H
config.status:1566: include/iperf-int.h is unchanged

## ---------------- ##
## Cache variables. ##
## ---------------- ##

ac_cv_accept_arg=socklen_t
ac_cv_build=i686-pc-linux-gnu
ac_cv_c_bigendian=no
ac_cv_c_compiler_gnu=yes
ac_cv_c_const=yes
ac_cv_cxx_compiler_gnu=yes
ac_cv_env_CCC_set=
ac_cv_env_CCC_value=
ac_cv_env_CC_set=
ac_cv_env_CC_value=
ac_cv_env_CFLAGS_set=
ac_cv_env_CFLAGS_value=
ac_cv_env_CPPFLAGS_set=
ac_cv_env_CPPFLAGS_value=
ac_cv_env_CPP_set=
ac_cv_env_CPP_value=
ac_cv_env_CXXFLAGS_set=
ac_cv_env_CXXFLAGS_value=
ac_cv_env_CXX_set=
ac_cv_env_CXX_value=
ac_cv_env_LDFLAGS_set=
ac_cv_env_LDFLAGS_value=
ac_cv_env_build_alias_set=
ac_cv_env_build_alias_value=
ac_cv_env_host_alias_set=
ac_cv_env_host_alias_value=
ac_cv_env_target_alias_set=
ac_cv_env_target_alias_value=
ac_cv_func__doprnt=no
ac_cv_func_atexit=yes
ac_cv_func_fork=yes
ac_cv_func_fork_works=yes
ac_cv_func_gethostbyname=yes
ac_cv_func_gettimeofday=yes
ac_cv_func_inet_ntop=yes
ac_cv_func_inet_pton=yes
ac_cv_func_malloc_0_nonnull=yes
ac_cv_func_memcmp_working=yes
ac_cv_func_memset=yes
ac_cv_func_pthread_cancel=no
ac_cv_func_select=yes
ac_cv_func_select_args='int,fd_set *,struct timeval *'
ac_cv_func_snprintf=yes
ac_cv_func_socket=yes
ac_cv_func_strchr=yes
ac_cv_func_strerror=yes
ac_cv_func_strftime=yes
ac_cv_func_strtol=yes
ac_cv_func_usleep=yes
ac_cv_func_vfork=yes
ac_cv_func_vfork_works=yes
ac_cv_func_vprintf=yes
ac_cv_have_decl_AF_INET6=yes
ac_cv_have_decl_IPV6_ADD_MEMBERSHIP=yes
ac_cv_have_decl_IPV6_MULTICAST_HOPS=yes
ac_cv_have_decl_IP_ADD_MEMBERSHIP=yes
ac_cv_have_ipv6=yes
ac_cv_have_ipv6_multicast=yes
ac_cv_have_true=yes
ac_cv_header_arpa_inet_h=yes
ac_cv_header_inttypes_h=yes
ac_cv_header_libintl_h=yes
ac_cv_header_memory_h=yes
ac_cv_header_netdb_h=yes
ac_cv_header_netinet_in_h=yes
ac_cv_header_stdc=yes
ac_cv_header_stdint=stdint.h
ac_cv_header_stdint_h=yes
ac_cv_header_stdint_t=stdint.h
ac_cv_header_stdlib_h=yes
ac_cv_header_string_h=yes
ac_cv_header_strings_h=yes
ac_cv_header_sys_select_h=yes
ac_cv_header_sys_socket_h=yes
ac_cv_header_sys_stat_h=yes
ac_cv_header_sys_time_h=yes
ac_cv_header_sys_types_h=yes
ac_cv_header_syslog_h=yes
ac_cv_header_time=yes
ac_cv_header_unistd_h=yes
ac_cv_header_vfork_h=no
ac_cv_host=i686-pc-linux-gnu
ac_cv_lib_cposix_strerror=no
ac_cv_multicast=yes
ac_cv_objext=o
ac_cv_path_EGREP='/bin/grep -E'
ac_cv_path_GREP=/bin/grep
ac_cv_path_install='/usr/bin/install -c'
ac_cv_prog_AWK=gawk
ac_cv_prog_CPP='gcc -E'
ac_cv_prog_PTHREAD_CC=gcc
ac_cv_prog_ac_ct_CC=gcc
ac_cv_prog_ac_ct_CXX=g++
ac_cv_prog_ac_ct_RANLIB=ranlib
ac_cv_prog_cc_c89=
ac_cv_prog_cc_g=yes
ac_cv_prog_cxx_g=yes
ac_cv_prog_make_make_set=yes
ac_cv_sizeof_bool=0
ac_cv_stdint_message='using gnu compiler gcc (Ubuntu 4.3.2-1ubuntu11) 4.3.2'
ac_cv_stdint_result='(assuming C99 compatible system)'
ac_cv_struct_tm=time.h
ac_cv_type_bool=no
ac_cv_type_pid_t=yes
ac_cv_type_signal=void
ac_cv_type_size_t=yes
ac_cv_type_ssize_t=yes
ac_cv_type_struct_ip_mreq=yes
ac_cv_type_struct_ipv6_mreq=yes
ac_cv_type_struct_sockaddr_in6=yes
ac_cv_type_struct_sockaddr_storage=yes
am_cv_CC_dependencies_compiler_type=gcc3
am_cv_CXX_dependencies_compiler_type=gcc3

## ----------------- ##
## Output variables. ##
## ----------------- ##

ACLOCAL='${SHELL} /home/builder/jh31.sin_whole/AndroidPlatform/Platform/cupcake/open_src/external/iperf-2.0.4/missing --run aclocal-1.9'
AMDEPBACKSLASH='\'
AMDEP_FALSE='#'
AMDEP_TRUE=''
AMTAR='${SHELL} /home/builder/jh31.sin_whole/AndroidPlatform/Platform/cupcake/open_src/external/iperf-2.0.4/missing --run tar'
AUTOCONF='${SHELL} /home/builder/jh31.sin_whole/AndroidPlatform/Platform/cupcake/open_src/external/iperf-2.0.4/missing --run autoconf'
AUTOHEADER='${SHELL} /home/builder/jh31.sin_whole/AndroidPlatform/Platform/cupcake/open_src/external/iperf-2.0.4/missing --run autoheader'
AUTOMAKE='${SHELL} /home/builder/jh31.sin_whole/AndroidPlatform/Platform/cupcake/open_src/external/iperf-2.0.4/missing --run automake-1.9'
AWK='gawk'
CC='gcc'
CCDEPMODE='depmode=gcc3'
CFLAGS=' -O2 '
CPP='gcc -E'
CPPFLAGS=''
CXX='g++'
CXXDEPMODE='depmode=gcc3'
CXXFLAGS=' -O2 '
CYGPATH_W='echo'
DEFS='-DHAVE_CONFIG_H'
DEPDIR='.deps'
ECHO_C=''
ECHO_N='-n'
ECHO_T=''
EGREP='/bin/grep -E'
EXEEXT=''
GREP='/bin/grep'
INSTALL_DATA='${INSTALL} -m 644'
INSTALL_PROGRAM='${INSTALL}'
INSTALL_SCRIPT='${INSTALL}'
INSTALL_STRIP_PROGRAM='${SHELL} $(install_sh) -c -s'
LDFLAGS=''
LIBOBJS=''
LIBS=''
LTLIBOBJS=''
MAKEINFO='${SHELL} /home/builder/jh31.sin_whole/AndroidPlatform/Platform/cupcake/open_src/external/iperf-2.0.4/missing --run makeinfo'
OBJEXT='o'
PACKAGE='iperf'
PACKAGE_BUGREPORT=''
PACKAGE_NAME='Iperf'
PACKAGE_STRING='Iperf 2.0.4'
PACKAGE_TARNAME='iperf'
PACKAGE_VERSION='2.0.4'
PATH_SEPARATOR=':'
PTHREAD_CC='gcc'
PTHREAD_CFLAGS='-pthread'
PTHREAD_LIBS=''
RANLIB='ranlib'
SET_MAKE=''
SHELL='/bin/bash'
STRIP=''
STRIP_BEGIN='$(strip $(STRIP_DUMMY)'
STRIP_DUMMY=''
STRIP_END=')'
VERSION='2.0.4'
WEB100_CFLAGS=''
WEB100_CONFIG=''
WEB100_LIBS=''
ac_ct_CC='gcc'
ac_ct_CXX='g++'
acx_pthread_config=''
am__fastdepCC_FALSE='#'
am__fastdepCC_TRUE=''
am__fastdepCXX_FALSE='#'
am__fastdepCXX_TRUE=''
am__include='include'
am__leading_dot='.'
am__quote=''
am__tar='${AMTAR} chof - "$$tardir"'
am__untar='${AMTAR} xf -'
bindir='${exec_prefix}/bin'
build='i686-pc-linux-gnu'
build_alias=''
build_cpu='i686'
build_os='linux-gnu'
build_vendor='pc'
datadir='${datarootdir}'
datarootdir='${prefix}/share'
docdir='${datarootdir}/doc/${PACKAGE_TARNAME}'
dvidir='${docdir}'
exec_prefix='${prefix}'
host='i686-pc-linux-gnu'
host_alias=''
host_cpu='i686'
host_os='linux-gnu'
host_vendor='pc'
htmldir='${docdir}'
includedir='${prefix}/include'
infodir='${datarootdir}/info'
install_sh='/home/builder/jh31.sin_whole/AndroidPlatform/Platform/cupcake/open_src/external/iperf-2.0.4/install-sh'
libdir='${exec_prefix}/lib'
libexecdir='${exec_prefix}/libexec'
localedir='${datarootdir}/locale'
localstatedir='${prefix}/var'
mandir='${datarootdir}/man'
mkdir_p='mkdir -p --'
oldincludedir='/usr/include'
pdfdir='${docdir}'
prefix='/usr/local'
program_transform_name='s,x,x,'
psdir='${docdir}'
sbindir='${exec_prefix}/sbin'
sharedstatedir='${prefix}/com'
sysconfdir='${prefix}/etc'
target_alias=''

## ----------- ##
## confdefs.h. ##
## ----------- ##

#define PACKAGE_NAME "Iperf"
#define PACKAGE_TARNAME "iperf"
#define PACKAGE_VERSION "2.0.4"
#define PACKAGE_STRING "Iperf 2.0.4"
#define PACKAGE_BUGREPORT ""
#define PACKAGE "iperf"
#define VERSION "2.0.4"
#define HAVE_PTHREAD 1
#define HAVE_POSIX_THREAD 1
#define _REENTRANT 1
#define STDC_HEADERS 1
#define HAVE_SYS_TYPES_H 1
#define HAVE_SYS_STAT_H 1
#define HAVE_STDLIB_H 1
#define HAVE_STRING_H 1
#define HAVE_MEMORY_H 1
#define HAVE_STRINGS_H 1
#define HAVE_INTTYPES_H 1
#define HAVE_STDINT_H 1
#define HAVE_UNISTD_H 1
#define HAVE_ARPA_INET_H 1
#define HAVE_LIBINTL_H 1
#define HAVE_NETDB_H 1
#define HAVE_NETINET_IN_H 1
#define HAVE_STDLIB_H 1
#define HAVE_STRING_H 1
#define HAVE_STRINGS_H 1
#define HAVE_SYS_SOCKET_H 1
#define HAVE_SYS_TIME_H 1
#define HAVE_SYSLOG_H 1
#define HAVE_UNISTD_H 1
#define HAVE_SSIZE_T 1
#define TIME_WITH_SYS_TIME 1
#define Socklen_t socklen_t
#define HAVE_FORK 1
#define HAVE_VFORK 1
#define HAVE_WORKING_VFORK 1
#define HAVE_WORKING_FORK 1
#define HAVE_STDLIB_H 1
#define HAVE_MALLOC 1
#define HAVE_SYS_SELECT_H 1
#define HAVE_SYS_SOCKET_H 1
#define SELECT_TYPE_ARG1 int
#define SELECT_TYPE_ARG234 (fd_set *)
#define SELECT_TYPE_ARG5 (struct timeval *)
#define RETSIGTYPE void
#define HAVE_STRFTIME 1
#define HAVE_VPRINTF 1
#define HAVE_ATEXIT 1
#define HAVE_GETTIMEOFDAY 1
#define HAVE_MEMSET 1
#define HAVE_SELECT 1
#define HAVE_STRCHR 1
#define HAVE_STRERROR 1
#define HAVE_STRTOL 1
#define HAVE_USLEEP 1
#define HAVE_SNPRINTF 1
#define HAVE_INET_PTON 1
#define HAVE_INET_NTOP 1
#define HAVE_GETTIMEOFDAY 1
#define HAVE_QUAD_SUPPORT 1
#define SIZEOF_BOOL 0
#define bool int
#define HAVE_STRUCT_IP_MREQ 1
#define HAVE_DECL_IP_ADD_MEMBERSHIP 1
#define HAVE_MULTICAST 1
#define HAVE_STRUCT_SOCKADDR_STORAGE 1
#define HAVE_STRUCT_SOCKADDR_IN6 1
#define HAVE_DECL_AF_INET6 1
#define HAVE_IPV6 1
#define HAVE_STRUCT_IPV6_MREQ 1
#define HAVE_DECL_IPV6_ADD_MEMBERSHIP 1
#define HAVE_DECL_IPV6_MULTICAST_HOPS 1
#define HAVE_IPV6_MULTICAST 1

configure: exit 0
